# JRE version: OpenJDK Runtime Environment (8.0_66-b17) (build 1.8.0_66-internal-b17)
# Java VM: OpenJDK 64-Bit Server VM (25.66-b17 mixed mode linux-amd64 compressed oops)
Heap:
 PSYoungGen      total 931840K, used 204125K [0x000000076ab00000, 0x00000007c0000000, 0x00000007c0000000)
  eden space 465920K, 0% used [0x000000076ab00000,0x000000076ab00000,0x0000000787200000)
  from space 465920K, 43% used [0x00000007a3900000,0x00000007b0057420,0x00000007c0000000)
  to   space 465920K, 0% used [0x0000000787200000,0x0000000787200000,0x00000007a3900000)
 ParOldGen       total 643072K, used 642860K [0x00000006c0000000, 0x00000006e7400000, 0x000000076ab00000)
  object space 643072K, 99% used [0x00000006c0000000,0x00000006e73cb0c0,0x00000006e7400000)
 Metaspace       used 13142K, capacity 13268K, committed 13568K, reserved 1060864K
  class space    used 1410K, capacity 1424K, committed 1536K, reserved 1048576K
GC Heap History (10 events):
Event: 78.635 GC heap after
Heap after GC invocations=36 (full 8):
 PSYoungGen      total 738304K, used 332270K [0x000000076ab00000, 0x00000007bec80000, 0x00000007c0000000)
  eden space 406016K, 0% used [0x000000076ab00000,0x000000076ab00000,0x0000000783780000)
  from space 332288K, 99% used [0x000000079d880000,0x00000007b1cfb960,0x00000007b1d00000)
  to   space 427008K, 0% used [0x0000000783780000,0x0000000783780000,0x000000079d880000)
 ParOldGen       total 623104K, used 485341K [0x00000006c0000000, 0x00000006e6080000, 0x000000076ab00000)
  object space 623104K, 77% used [0x00000006c0000000,0x00000006dd9f7680,0x00000006e6080000)
 Metaspace       used 12996K, capacity 13140K, committed 13312K, reserved 1060864K
  class space    used 1409K, capacity 1424K, committed 1536K, reserved 1048576K
}
Event: 86.492 GC heap before
{Heap before GC invocations=37 (full 8):
 PSYoungGen      total 738304K, used 738286K [0x000000076ab00000, 0x00000007bec80000, 0x00000007c0000000)
  eden space 406016K, 100% used [0x000000076ab00000,0x0000000783780000,0x0000000783780000)
  from space 332288K, 99% used [0x000000079d880000,0x00000007b1cfb960,0x00000007b1d00000)
  to   space 427008K, 0% used [0x0000000783780000,0x0000000783780000,0x000000079d880000)
 ParOldGen       total 623104K, used 485341K [0x00000006c0000000, 0x00000006e6080000, 0x000000076ab00000)
  object space 623104K, 77% used [0x00000006c0000000,0x00000006dd9f7680,0x00000006e6080000)
 Metaspace       used 13082K, capacity 13204K, committed 13568K, reserved 1060864K
  class space    used 1410K, capacity 1424K, committed 1536K, reserved 1048576K
Event: 86.823 GC heap after
Heap after GC invocations=37 (full 8):
 PSYoungGen      total 833024K, used 352077K [0x000000076ab00000, 0x00000007bf780000, 0x00000007c0000000)
  eden space 406016K, 0% used [0x000000076ab00000,0x000000076ab00000,0x0000000783780000)
  from space 427008K, 82% used [0x0000000783780000,0x0000000798f537d8,0x000000079d880000)
  to   space 465920K, 0% used [0x00000007a3080000,0x00000007a3080000,0x00000007bf780000)
 ParOldGen       total 623104K, used 485341K [0x00000006c0000000, 0x00000006e6080000, 0x000000076ab00000)
  object space 623104K, 77% used [0x00000006c0000000,0x00000006dd9f7680,0x00000006e6080000)
 Metaspace       used 13082K, capacity 13204K, committed 13568K, reserved 1060864K
  class space    used 1410K, capacity 1424K, committed 1536K, reserved 1048576K
}
Event: 94.348 GC heap before
{Heap before GC invocations=38 (full 8):
 PSYoungGen      total 833024K, used 758093K [0x000000076ab00000, 0x00000007bf780000, 0x00000007c0000000)
  eden space 406016K, 100% used [0x000000076ab00000,0x0000000783780000,0x0000000783780000)
  from space 427008K, 82% used [0x0000000783780000,0x0000000798f537d8,0x000000079d880000)
  to   space 465920K, 0% used [0x00000007a3080000,0x00000007a3080000,0x00000007bf780000)
 ParOldGen       total 623104K, used 485341K [0x00000006c0000000, 0x00000006e6080000, 0x000000076ab00000)
  object space 623104K, 77% used [0x00000006c0000000,0x00000006dd9f7680,0x00000006e6080000)
 Metaspace       used 13096K, capacity 13204K, committed 13568K, reserved 1060864K
  class space    used 1410K, capacity 1424K, committed 1536K, reserved 1048576K
Event: 97.187 GC heap after
Heap after GC invocations=38 (full 8):
 PSYoungGen      total 923136K, used 362820K [0x000000076ab00000, 0x00000007bf900000, 0x00000007c0000000)
  eden space 457216K, 0% used [0x000000076ab00000,0x000000076ab00000,0x0000000786980000)
  from space 465920K, 77% used [0x00000007a3080000,0x00000007b92d1130,0x00000007bf780000)
  to   space 465920K, 0% used [0x0000000786980000,0x0000000786980000,0x00000007a3080000)
 ParOldGen       total 623104K, used 485349K [0x00000006c0000000, 0x00000006e6080000, 0x000000076ab00000)
  object space 623104K, 77% used [0x00000006c0000000,0x00000006dd9f9680,0x00000006e6080000)
 Metaspace       used 13096K, capacity 13204K, committed 13568K, reserved 1060864K
  class space    used 1410K, capacity 1424K, committed 1536K, reserved 1048576K
}
Event: 115.098 GC heap before
{Heap before GC invocations=39 (full 8):
 PSYoungGen      total 923136K, used 820036K [0x000000076ab00000, 0x00000007bf900000, 0x00000007c0000000)
  eden space 457216K, 100% used [0x000000076ab00000,0x0000000786980000,0x0000000786980000)
  from space 465920K, 77% used [0x00000007a3080000,0x00000007b92d1130,0x00000007bf780000)
  to   space 465920K, 0% used [0x0000000786980000,0x0000000786980000,0x00000007a3080000)
 ParOldGen       total 623104K, used 485349K [0x00000006c0000000, 0x00000006e6080000, 0x000000076ab00000)
  object space 623104K, 77% used [0x00000006c0000000,0x00000006dd9f9680,0x00000006e6080000)
 Metaspace       used 13133K, capacity 13268K, committed 13568K, reserved 1060864K
  class space    used 1410K, capacity 1424K, committed 1536K, reserved 1048576K
Event: 116.636 GC heap after
Heap after GC invocations=39 (full 8):
 PSYoungGen      total 923136K, used 378600K [0x000000076ab00000, 0x00000007c0000000, 0x00000007c0000000)
  eden space 457216K, 0% used [0x000000076ab00000,0x000000076ab00000,0x0000000786980000)
  from space 465920K, 81% used [0x0000000786980000,0x000000079db3a3f8,0x00000007a3080000)
  to   space 465920K, 0% used [0x00000007a3900000,0x00000007a3900000,0x00000007c0000000)
 ParOldGen       total 623104K, used 485349K [0x00000006c0000000, 0x00000006e6080000, 0x000000076ab00000)
  object space 623104K, 77% used [0x00000006c0000000,0x00000006dd9f9680,0x00000006e6080000)
 Metaspace       used 13133K, capacity 13268K, committed 13568K, reserved 1060864K
  class space    used 1410K, capacity 1424K, committed 1536K, reserved 1048576K
}
Event: 123.392 GC heap before
{Heap before GC invocations=40 (full 8):
 PSYoungGen      total 923136K, used 835816K [0x000000076ab00000, 0x00000007c0000000, 0x00000007c0000000)
  eden space 457216K, 100% used [0x000000076ab00000,0x0000000786980000,0x0000000786980000)
  from space 465920K, 81% used [0x0000000786980000,0x000000079db3a3f8,0x00000007a3080000)
  to   space 465920K, 0% used [0x00000007a3900000,0x00000007a3900000,0x00000007c0000000)
 ParOldGen       total 623104K, used 485349K [0x00000006c0000000, 0x00000006e6080000, 0x000000076ab00000)
  object space 623104K, 77% used [0x00000006c0000000,0x00000006dd9f9680,0x00000006e6080000)
 Metaspace       used 13142K, capacity 13268K, committed 13568K, reserved 1060864K
  class space    used 1410K, capacity 1424K, committed 1536K, reserved 1048576K
Event: 124.023 GC heap after
Heap after GC invocations=40 (full 8):
 PSYoungGen      total 931840K, used 241801K [0x000000076ab00000, 0x00000007c0000000, 0x00000007c0000000)
  eden space 465920K, 0% used [0x000000076ab00000,0x000000076ab00000,0x0000000787200000)
  from space 465920K, 51% used [0x00000007a3900000,0x00000007b2522728,0x00000007c0000000)
  to   space 465920K, 0% used [0x0000000787200000,0x0000000787200000,0x00000007a3900000)
 ParOldGen       total 643072K, used 642896K [0x00000006c0000000, 0x00000006e7400000, 0x000000076ab00000)
  object space 643072K, 99% used [0x00000006c0000000,0x00000006e73d4190,0x00000006e7400000)
 Metaspace       used 13142K, capacity 13268K, committed 13568K, reserved 1060864K
  class space    used 1410K, capacity 1424K, committed 1536K, reserved 1048576K
}
Event: 124.048 GC heap before
{Heap before GC invocations=41 (full 9):
 PSYoungGen      total 931840K, used 241801K [0x000000076ab00000, 0x00000007c0000000, 0x00000007c0000000)
  eden space 465920K, 0% used [0x000000076ab00000,0x000000076ab00000,0x0000000787200000)
  from space 465920K, 51% used [0x00000007a3900000,0x00000007b2522728,0x00000007c0000000)
  to   space 465920K, 0% used [0x0000000787200000,0x0000000787200000,0x00000007a3900000)
 ParOldGen       total 643072K, used 642896K [0x00000006c0000000, 0x00000006e7400000, 0x000000076ab00000)
  object space 643072K, 99% used [0x00000006c0000000,0x00000006e73d4190,0x00000006e7400000)
 Metaspace       used 13142K, capacity 13268K, committed 13568K, reserved 1060864K
  class space    used 1410K, capacity 1424K, committed 1536K, reserved 1048576K

