# JRE version: OpenJDK Runtime Environment (8.0_66-b17) (build 1.8.0_66-internal-b17)
# Java VM: OpenJDK 64-Bit Server VM (25.66-b17 mixed mode linux-amd64 compressed oops)
Heap:
 PSYoungGen      total 931840K, used 0K [0x000000076ab00000, 0x00000007c0000000, 0x00000007c0000000)
  eden space 465920K, 0% used [0x000000076ab00000,0x000000076ab00000,0x0000000787200000)
  from space 465920K, 0% used [0x0000000787200000,0x0000000787200000,0x00000007a3900000)
  to   space 465920K, 0% used [0x00000007a3900000,0x00000007a3900000,0x00000007c0000000)
 ParOldGen       total 997376K, used 853335K [0x00000006c0000000, 0x00000006fce00000, 0x000000076ab00000)
  object space 997376K, 85% used [0x00000006c0000000,0x00000006f4155c98,0x00000006fce00000)
 Metaspace       used 13254K, capacity 13332K, committed 13568K, reserved 1060864K
  class space    used 1411K, capacity 1424K, committed 1536K, reserved 1048576K
GC Heap History (10 events):
Event: 287.267 GC heap after
Heap after GC invocations=48 (full 11):
 PSYoungGen      total 931840K, used 188741K [0x000000076ab00000, 0x00000007c0000000, 0x00000007c0000000)
  eden space 465920K, 0% used [0x000000076ab00000,0x000000076ab00000,0x0000000787200000)
  from space 465920K, 40% used [0x0000000787200000,0x0000000792a51460,0x00000007a3900000)
  to   space 465920K, 0% used [0x00000007a3900000,0x00000007a3900000,0x00000007c0000000)
 ParOldGen       total 997376K, used 605044K [0x00000006c0000000, 0x00000006fce00000, 0x000000076ab00000)
  object space 997376K, 60% used [0x00000006c0000000,0x00000006e4edd0c8,0x00000006fce00000)
 Metaspace       used 13190K, capacity 13268K, committed 13568K, reserved 1060864K
  class space    used 1411K, capacity 1424K, committed 1536K, reserved 1048576K
}
Event: 296.802 GC heap before
{Heap before GC invocations=49 (full 11):
 PSYoungGen      total 931840K, used 654661K [0x000000076ab00000, 0x00000007c0000000, 0x00000007c0000000)
  eden space 465920K, 100% used [0x000000076ab00000,0x0000000787200000,0x0000000787200000)
  from space 465920K, 40% used [0x0000000787200000,0x0000000792a51460,0x00000007a3900000)
  to   space 465920K, 0% used [0x00000007a3900000,0x00000007a3900000,0x00000007c0000000)
 ParOldGen       total 997376K, used 605044K [0x00000006c0000000, 0x00000006fce00000, 0x000000076ab00000)
  object space 997376K, 60% used [0x00000006c0000000,0x00000006e4edd0c8,0x00000006fce00000)
 Metaspace       used 13243K, capacity 13332K, committed 13568K, reserved 1060864K
  class space    used 1411K, capacity 1424K, committed 1536K, reserved 1048576K
Event: 297.013 GC heap after
Heap after GC invocations=49 (full 11):
 PSYoungGen      total 931840K, used 216114K [0x000000076ab00000, 0x00000007c0000000, 0x00000007c0000000)
  eden space 465920K, 0% used [0x000000076ab00000,0x000000076ab00000,0x0000000787200000)
  from space 465920K, 46% used [0x00000007a3900000,0x00000007b0c0c888,0x00000007c0000000)
  to   space 465920K, 0% used [0x0000000787200000,0x0000000787200000,0x00000007a3900000)
 ParOldGen       total 997376K, used 605052K [0x00000006c0000000, 0x00000006fce00000, 0x000000076ab00000)
  object space 997376K, 60% used [0x00000006c0000000,0x00000006e4edf0c8,0x00000006fce00000)
 Metaspace       used 13243K, capacity 13332K, committed 13568K, reserved 1060864K
  class space    used 1411K, capacity 1424K, committed 1536K, reserved 1048576K
}
Event: 304.437 GC heap before
{Heap before GC invocations=50 (full 11):
 PSYoungGen      total 931840K, used 682034K [0x000000076ab00000, 0x00000007c0000000, 0x00000007c0000000)
  eden space 465920K, 100% used [0x000000076ab00000,0x0000000787200000,0x0000000787200000)
  from space 465920K, 46% used [0x00000007a3900000,0x00000007b0c0c888,0x00000007c0000000)
  to   space 465920K, 0% used [0x0000000787200000,0x0000000787200000,0x00000007a3900000)
 ParOldGen       total 997376K, used 605052K [0x00000006c0000000, 0x00000006fce00000, 0x000000076ab00000)
  object space 997376K, 60% used [0x00000006c0000000,0x00000006e4edf0c8,0x00000006fce00000)
 Metaspace       used 13252K, capacity 13332K, committed 13568K, reserved 1060864K
  class space    used 1411K, capacity 1424K, committed 1536K, reserved 1048576K
Event: 304.662 GC heap after
Heap after GC invocations=50 (full 11):
 PSYoungGen      total 931840K, used 232637K [0x000000076ab00000, 0x00000007c0000000, 0x00000007c0000000)
  eden space 465920K, 0% used [0x000000076ab00000,0x000000076ab00000,0x0000000787200000)
  from space 465920K, 49% used [0x0000000787200000,0x000000079552f508,0x00000007a3900000)
  to   space 465920K, 0% used [0x00000007a3900000,0x00000007a3900000,0x00000007c0000000)
 ParOldGen       total 997376K, used 605060K [0x00000006c0000000, 0x00000006fce00000, 0x000000076ab00000)
  object space 997376K, 60% used [0x00000006c0000000,0x00000006e4ee10c8,0x00000006fce00000)
 Metaspace       used 13252K, capacity 13332K, committed 13568K, reserved 1060864K
  class space    used 1411K, capacity 1424K, committed 1536K, reserved 1048576K
}
Event: 312.444 GC heap before
{Heap before GC invocations=51 (full 11):
 PSYoungGen      total 931840K, used 698557K [0x000000076ab00000, 0x00000007c0000000, 0x00000007c0000000)
  eden space 465920K, 100% used [0x000000076ab00000,0x0000000787200000,0x0000000787200000)
  from space 465920K, 49% used [0x0000000787200000,0x000000079552f508,0x00000007a3900000)
  to   space 465920K, 0% used [0x00000007a3900000,0x00000007a3900000,0x00000007c0000000)
 ParOldGen       total 997376K, used 605060K [0x00000006c0000000, 0x00000006fce00000, 0x000000076ab00000)
  object space 997376K, 60% used [0x00000006c0000000,0x00000006e4ee10c8,0x00000006fce00000)
 Metaspace       used 13254K, capacity 13332K, committed 13568K, reserved 1060864K
  class space    used 1411K, capacity 1424K, committed 1536K, reserved 1048576K
Event: 312.700 GC heap after
Heap after GC invocations=51 (full 11):
 PSYoungGen      total 931840K, used 252298K [0x000000076ab00000, 0x00000007c0000000, 0x00000007c0000000)
  eden space 465920K, 0% used [0x000000076ab00000,0x000000076ab00000,0x0000000787200000)
  from space 465920K, 54% used [0x00000007a3900000,0x00000007b2f62a98,0x00000007c0000000)
  to   space 465920K, 0% used [0x0000000787200000,0x0000000787200000,0x00000007a3900000)
 ParOldGen       total 997376K, used 605060K [0x00000006c0000000, 0x00000006fce00000, 0x000000076ab00000)
  object space 997376K, 60% used [0x00000006c0000000,0x00000006e4ee10c8,0x00000006fce00000)
 Metaspace       used 13254K, capacity 13332K, committed 13568K, reserved 1060864K
  class space    used 1411K, capacity 1424K, committed 1536K, reserved 1048576K
}
Event: 318.686 GC heap before
{Heap before GC invocations=52 (full 11):
 PSYoungGen      total 931840K, used 718218K [0x000000076ab00000, 0x00000007c0000000, 0x00000007c0000000)
  eden space 465920K, 100% used [0x000000076ab00000,0x0000000787200000,0x0000000787200000)
  from space 465920K, 54% used [0x00000007a3900000,0x00000007b2f62a98,0x00000007c0000000)
  to   space 465920K, 0% used [0x0000000787200000,0x0000000787200000,0x00000007a3900000)
 ParOldGen       total 997376K, used 605060K [0x00000006c0000000, 0x00000006fce00000, 0x000000076ab00000)
  object space 997376K, 60% used [0x00000006c0000000,0x00000006e4ee10c8,0x00000006fce00000)
 Metaspace       used 13254K, capacity 13332K, committed 13568K, reserved 1060864K
  class space    used 1411K, capacity 1424K, committed 1536K, reserved 1048576K
Event: 319.035 GC heap after
Heap after GC invocations=52 (full 11):
 PSYoungGen      total 931840K, used 88971K [0x000000076ab00000, 0x00000007c0000000, 0x00000007c0000000)
  eden space 465920K, 0% used [0x000000076ab00000,0x000000076ab00000,0x0000000787200000)
  from space 465920K, 19% used [0x0000000787200000,0x000000078c8e2d18,0x00000007a3900000)
  to   space 465920K, 0% used [0x00000007a3900000,0x00000007a3900000,0x00000007c0000000)
 ParOldGen       total 997376K, used 789941K [0x00000006c0000000, 0x00000006fce00000, 0x000000076ab00000)
  object space 997376K, 79% used [0x00000006c0000000,0x00000006f036d588,0x00000006fce00000)
 Metaspace       used 13254K, capacity 13332K, committed 13568K, reserved 1060864K
  class space    used 1411K, capacity 1424K, committed 1536K, reserved 1048576K
}
Event: 319.056 GC heap before
{Heap before GC invocations=53 (full 12):
 PSYoungGen      total 931840K, used 88971K [0x000000076ab00000, 0x00000007c0000000, 0x00000007c0000000)
  eden space 465920K, 0% used [0x000000076ab00000,0x000000076ab00000,0x0000000787200000)
  from space 465920K, 19% used [0x0000000787200000,0x000000078c8e2d18,0x00000007a3900000)
  to   space 465920K, 0% used [0x00000007a3900000,0x00000007a3900000,0x00000007c0000000)
 ParOldGen       total 997376K, used 789941K [0x00000006c0000000, 0x00000006fce00000, 0x000000076ab00000)
  object space 997376K, 79% used [0x00000006c0000000,0x00000006f036d588,0x00000006fce00000)
 Metaspace       used 13254K, capacity 13332K, committed 13568K, reserved 1060864K
  class space    used 1411K, capacity 1424K, committed 1536K, reserved 1048576K

